# JRE version: OpenJDK Runtime Environment (11.0.8+10) (build 11.0.8+10-b944.6842174)
# Java VM: OpenJDK 64-Bit Server VM (11.0.8+10-b944.6842174, mixed mode, tiered, compressed oops, g1 gc, windows-amd64)
Heap:
 garbage-first heap   total 479232K, used 312121K [0x0000000080000000, 0x0000000100000000)
  region size 1024K, 116 young (118784K), 2 survivors (2048K)
 Metaspace       used 116670K, capacity 119465K, committed 119936K, reserved 1153024K
  class space    used 14346K, capacity 15396K, committed 15488K, reserved 1048576K
GC Heap History (20 events):
Event: 21.138 GC heap before
{Heap before GC invocations=17 (full 0):
 garbage-first heap   total 393216K, used 205022K [0x0000000080000000, 0x0000000100000000)
  region size 1024K, 38 young (38912K), 5 survivors (5120K)
 Metaspace       used 93681K, capacity 96253K, committed 96512K, reserved 1132544K
  class space    used 11748K, capacity 12695K, committed 12800K, reserved 1048576K
}
Event: 21.146 GC heap after
{Heap after GC invocations=18 (full 0):
 garbage-first heap   total 393216K, used 158968K [0x0000000080000000, 0x0000000100000000)
  region size 1024K, 4 young (4096K), 4 survivors (4096K)
 Metaspace       used 93681K, capacity 96253K, committed 96512K, reserved 1132544K
  class space    used 11748K, capacity 12695K, committed 12800K, reserved 1048576K
}
Event: 22.356 GC heap before
{Heap before GC invocations=19 (full 0):
 garbage-first heap   total 393216K, used 292088K [0x0000000080000000, 0x0000000100000000)
  region size 1024K, 130 young (133120K), 4 survivors (4096K)
 Metaspace       used 95695K, capacity 98015K, committed 98688K, reserved 1134592K
  class space    used 11907K, capacity 12741K, committed 12928K, reserved 1048576K
}
Event: 22.372 GC heap after
{Heap after GC invocations=20 (full 0):
 garbage-first heap   total 393216K, used 167750K [0x0000000080000000, 0x0000000100000000)
  region size 1024K, 11 young (11264K), 11 survivors (11264K)
 Metaspace       used 95695K, capacity 98015K, committed 98688K, reserved 1134592K
  class space    used 11907K, capacity 12741K, committed 12928K, reserved 1048576K
}
Event: 23.237 GC heap before
{Heap before GC invocations=20 (full 0):
 garbage-first heap   total 393216K, used 313158K [0x0000000080000000, 0x0000000100000000)
  region size 1024K, 137 young (140288K), 11 survivors (11264K)
 Metaspace       used 99517K, capacity 101872K, committed 102400K, reserved 1138688K
  class space    used 12215K, capacity 13076K, committed 13312K, reserved 1048576K
}
Event: 23.256 GC heap after
{Heap after GC invocations=21 (full 0):
 garbage-first heap   total 393216K, used 137356K [0x0000000080000000, 0x0000000100000000)
  region size 1024K, 16 young (16384K), 16 survivors (16384K)
 Metaspace       used 99517K, capacity 101872K, committed 102400K, reserved 1138688K
  class space    used 12215K, capacity 13076K, committed 13312K, reserved 1048576K
}
Event: 24.092 GC heap before
{Heap before GC invocations=21 (full 0):
 garbage-first heap   total 393216K, used 302220K [0x0000000080000000, 0x0000000100000000)
  region size 1024K, 166 young (169984K), 16 survivors (16384K)
 Metaspace       used 102359K, capacity 104693K, committed 105216K, reserved 1140736K
  class space    used 12510K, capacity 13347K, committed 13568K, reserved 1048576K
}
Event: 24.104 GC heap after
{Heap after GC invocations=22 (full 0):
 garbage-first heap   total 393216K, used 131148K [0x0000000080000000, 0x0000000100000000)
  region size 1024K, 4 young (4096K), 4 survivors (4096K)
 Metaspace       used 102359K, capacity 104693K, committed 105216K, reserved 1140736K
  class space    used 12510K, capacity 13347K, committed 13568K, reserved 1048576K
}
Event: 25.243 GC heap before
{Heap before GC invocations=22 (full 0):
 garbage-first heap   total 393216K, used 306252K [0x0000000080000000, 0x0000000100000000)
  region size 1024K, 166 young (169984K), 4 survivors (4096K)
 Metaspace       used 106377K, capacity 108775K, committed 109184K, reserved 1144832K
  class space    used 12964K, capacity 13813K, committed 13952K, reserved 1048576K
}
Event: 25.256 GC heap after
{Heap after GC invocations=23 (full 0):
 garbage-first heap   total 393216K, used 142327K [0x0000000080000000, 0x0000000100000000)
  region size 1024K, 13 young (13312K), 13 survivors (13312K)
 Metaspace       used 106377K, capacity 108775K, committed 109184K, reserved 1144832K
  class space    used 12964K, capacity 13813K, committed 13952K, reserved 1048576K
}
Event: 25.889 GC heap before
{Heap before GC invocations=23 (full 0):
 garbage-first heap   total 393216K, used 305143K [0x0000000080000000, 0x0000000100000000)
  region size 1024K, 171 young (175104K), 13 survivors (13312K)
 Metaspace       used 109741K, capacity 112400K, committed 112512K, reserved 1146880K
  class space    used 13466K, capacity 14436K, committed 14464K, reserved 1048576K
}
Event: 25.913 GC heap after
{Heap after GC invocations=24 (full 0):
 garbage-first heap   total 393216K, used 181497K [0x0000000080000000, 0x0000000100000000)
  region size 1024K, 22 young (22528K), 22 survivors (22528K)
 Metaspace       used 109741K, capacity 112400K, committed 112512K, reserved 1146880K
  class space    used 13466K, capacity 14436K, committed 14464K, reserved 1048576K
}
Event: 26.740 GC heap before
{Heap before GC invocations=24 (full 0):
 garbage-first heap   total 393216K, used 302329K [0x0000000080000000, 0x0000000100000000)
  region size 1024K, 141 young (144384K), 22 survivors (22528K)
 Metaspace       used 114371K, capacity 117232K, committed 117504K, reserved 1150976K
  class space    used 14176K, capacity 15252K, committed 15360K, reserved 1048576K
}
Event: 26.780 GC heap after
{Heap after GC invocations=25 (full 0):
 garbage-first heap   total 393216K, used 202565K [0x0000000080000000, 0x0000000100000000)
  region size 1024K, 18 young (18432K), 18 survivors (18432K)
 Metaspace       used 114371K, capacity 117232K, committed 117504K, reserved 1150976K
  class space    used 14176K, capacity 15252K, committed 15360K, reserved 1048576K
}
Event: 27.081 GC heap before
{Heap before GC invocations=25 (full 0):
 garbage-first heap   total 393216K, used 307013K [0x0000000080000000, 0x0000000100000000)
  region size 1024K, 120 young (122880K), 18 survivors (18432K)
 Metaspace       used 115137K, capacity 118010K, committed 118016K, reserved 1153024K
  class space    used 14275K, capacity 15359K, committed 15360K, reserved 1048576K
}
Event: 27.133 GC heap after
{Heap after GC invocations=26 (full 0):
 garbage-first heap   total 393216K, used 222208K [0x0000000080000000, 0x0000000100000000)
  region size 1024K, 15 young (15360K), 15 survivors (15360K)
 Metaspace       used 115137K, capacity 118010K, committed 118016K, reserved 1153024K
  class space    used 14275K, capacity 15359K, committed 15360K, reserved 1048576K
}
Event: 27.628 GC heap before
{Heap before GC invocations=27 (full 0):
 garbage-first heap   total 393216K, used 297984K [0x0000000080000000, 0x0000000100000000)
  region size 1024K, 103 young (105472K), 15 survivors (15360K)
 Metaspace       used 115379K, capacity 118093K, committed 118656K, reserved 1153024K
  class space    used 14229K, capacity 15241K, committed 15488K, reserved 1048576K
}
Event: 27.658 GC heap after
{Heap after GC invocations=28 (full 0):
 garbage-first heap   total 393216K, used 221070K [0x0000000080000000, 0x0000000100000000)
  region size 1024K, 11 young (11264K), 11 survivors (11264K)
 Metaspace       used 115379K, capacity 118093K, committed 118656K, reserved 1153024K
  class space    used 14229K, capacity 15241K, committed 15488K, reserved 1048576K
}
Event: 27.687 GC heap before
{Heap before GC invocations=28 (full 0):
 garbage-first heap   total 393216K, used 229262K [0x0000000080000000, 0x0000000100000000)
  region size 1024K, 19 young (19456K), 11 survivors (11264K)
 Metaspace       used 115419K, capacity 118093K, committed 118656K, reserved 1153024K
  class space    used 14229K, capacity 15241K, committed 15488K, reserved 1048576K
}
Event: 27.708 GC heap after
{Heap after GC invocations=29 (full 0):
 garbage-first heap   total 479232K, used 196409K [0x0000000080000000, 0x0000000100000000)
  region size 1024K, 2 young (2048K), 2 survivors (2048K)
 Metaspace       used 115419K, capacity 118093K, committed 118656K, reserved 1153024K
  class space    used 14229K, capacity 15241K, committed 15488K, reserved 1048576K
}

