# JRE version: OpenJDK Runtime Environment (11.0.8+10) (build 11.0.8+10-b944.6842174)
# Java VM: OpenJDK 64-Bit Server VM (11.0.8+10-b944.6842174, mixed mode, tiered, compressed oops, g1 gc, windows-amd64)
Heap:
 garbage-first heap   total 393216K, used 234493K [0x0000000080000000, 0x0000000100000000)
  region size 1024K, 103 young (105472K), 23 survivors (23552K)
 Metaspace       used 109573K, capacity 112212K, committed 112512K, reserved 1146880K
  class space    used 13447K, capacity 14416K, committed 14464K, reserved 1048576K
GC Heap History (20 events):
Event: 5.470 GC heap before
{Heap before GC invocations=7 (full 0):
 garbage-first heap   total 393216K, used 213795K [0x0000000080000000, 0x0000000100000000)
  region size 1024K, 188 young (192512K), 13 survivors (13312K)
 Metaspace       used 58615K, capacity 60066K, committed 60160K, reserved 1101824K
  class space    used 7430K, capacity 7998K, committed 8064K, reserved 1048576K
}
Event: 5.498 GC heap after
{Heap after GC invocations=8 (full 0):
 garbage-first heap   total 393216K, used 50475K [0x0000000080000000, 0x0000000100000000)
  region size 1024K, 26 young (26624K), 26 survivors (26624K)
 Metaspace       used 58615K, capacity 60066K, committed 60160K, reserved 1101824K
  class space    used 7430K, capacity 7998K, committed 8064K, reserved 1048576K
}
Event: 7.410 GC heap before
{Heap before GC invocations=9 (full 0):
 garbage-first heap   total 393216K, used 295211K [0x0000000080000000, 0x0000000100000000)
  region size 1024K, 230 young (235520K), 26 survivors (26624K)
 Metaspace       used 75362K, capacity 77273K, committed 77312K, reserved 1116160K
  class space    used 9759K, capacity 10493K, committed 10496K, reserved 1048576K
}
Event: 7.439 GC heap after
{Heap after GC invocations=10 (full 0):
 garbage-first heap   total 393216K, used 64186K [0x0000000080000000, 0x0000000100000000)
  region size 1024K, 28 young (28672K), 28 survivors (28672K)
 Metaspace       used 75362K, capacity 77273K, committed 77312K, reserved 1116160K
  class space    used 9759K, capacity 10493K, committed 10496K, reserved 1048576K
}
Event: 15.923 GC heap before
{Heap before GC invocations=11 (full 0):
 garbage-first heap   total 393216K, used 300730K [0x0000000080000000, 0x0000000100000000)
  region size 1024K, 225 young (230400K), 28 survivors (28672K)
 Metaspace       used 87040K, capacity 89275K, committed 89344K, reserved 1126400K
  class space    used 11140K, capacity 11999K, committed 12032K, reserved 1048576K
}
Event: 15.945 GC heap after
{Heap after GC invocations=12 (full 0):
 garbage-first heap   total 393216K, used 77210K [0x0000000080000000, 0x0000000100000000)
  region size 1024K, 26 young (26624K), 26 survivors (26624K)
 Metaspace       used 87040K, capacity 89275K, committed 89344K, reserved 1126400K
  class space    used 11140K, capacity 11999K, committed 12032K, reserved 1048576K
}
Event: 17.303 GC heap before
{Heap before GC invocations=12 (full 0):
 garbage-first heap   total 393216K, used 288154K [0x0000000080000000, 0x0000000100000000)
  region size 1024K, 230 young (235520K), 26 survivors (26624K)
 Metaspace       used 89452K, capacity 91766K, committed 91904K, reserved 1128448K
  class space    used 11355K, capacity 12210K, committed 12288K, reserved 1048576K
}
Event: 17.337 GC heap after
{Heap after GC invocations=13 (full 0):
 garbage-first heap   total 393216K, used 108777K [0x0000000080000000, 0x0000000100000000)
  region size 1024K, 29 young (29696K), 29 survivors (29696K)
 Metaspace       used 89452K, capacity 91766K, committed 91904K, reserved 1128448K
  class space    used 11355K, capacity 12210K, committed 12288K, reserved 1048576K
}
Event: 18.374 GC heap before
{Heap before GC invocations=13 (full 0):
 garbage-first heap   total 393216K, used 322793K [0x0000000080000000, 0x0000000100000000)
  region size 1024K, 189 young (193536K), 29 survivors (29696K)
 Metaspace       used 93569K, capacity 96053K, committed 96128K, reserved 1132544K
  class space    used 11721K, capacity 12645K, committed 12672K, reserved 1048576K
}
Event: 18.402 GC heap after
{Heap after GC invocations=14 (full 0):
 garbage-first heap   total 393216K, used 166912K [0x0000000080000000, 0x0000000100000000)
  region size 1024K, 13 young (13312K), 13 survivors (13312K)
 Metaspace       used 93569K, capacity 96053K, committed 96128K, reserved 1132544K
  class space    used 11721K, capacity 12645K, committed 12672K, reserved 1048576K
}
Event: 19.475 GC heap before
{Heap before GC invocations=14 (full 0):
 garbage-first heap   total 393216K, used 320512K [0x0000000080000000, 0x0000000100000000)
  region size 1024K, 149 young (152576K), 13 survivors (13312K)
 Metaspace       used 95807K, capacity 98229K, committed 98432K, reserved 1134592K
  class space    used 11977K, capacity 12878K, committed 12928K, reserved 1048576K
}
Event: 19.493 GC heap after
{Heap after GC invocations=15 (full 0):
 garbage-first heap   total 393216K, used 175680K [0x0000000080000000, 0x0000000100000000)
  region size 1024K, 7 young (7168K), 7 survivors (7168K)
 Metaspace       used 95807K, capacity 98229K, committed 98432K, reserved 1134592K
  class space    used 11977K, capacity 12878K, committed 12928K, reserved 1048576K
}
Event: 20.102 GC heap before
{Heap before GC invocations=15 (full 0):
 garbage-first heap   total 393216K, used 214592K [0x0000000080000000, 0x0000000100000000)
  region size 1024K, 40 young (40960K), 7 survivors (7168K)
 Metaspace       used 96014K, capacity 98432K, committed 98688K, reserved 1134592K
  class space    used 11987K, capacity 12881K, committed 12928K, reserved 1048576K
}
Event: 20.116 GC heap after
{Heap after GC invocations=16 (full 0):
 garbage-first heap   total 393216K, used 169080K [0x0000000080000000, 0x0000000100000000)
  region size 1024K, 12 young (12288K), 12 survivors (12288K)
 Metaspace       used 96014K, capacity 98432K, committed 98688K, reserved 1134592K
  class space    used 11987K, capacity 12881K, committed 12928K, reserved 1048576K
}
Event: 21.264 GC heap before
{Heap before GC invocations=17 (full 0):
 garbage-first heap   total 393216K, used 294008K [0x0000000080000000, 0x0000000100000000)
  region size 1024K, 153 young (156672K), 12 survivors (12288K)
 Metaspace       used 100025K, capacity 102348K, committed 102912K, reserved 1138688K
  class space    used 12236K, capacity 13104K, committed 13312K, reserved 1048576K
}
Event: 21.280 GC heap after
{Heap after GC invocations=18 (full 0):
 garbage-first heap   total 393216K, used 133947K [0x0000000080000000, 0x0000000100000000)
  region size 1024K, 8 young (8192K), 8 survivors (8192K)
 Metaspace       used 100025K, capacity 102348K, committed 102912K, reserved 1138688K
  class space    used 12236K, capacity 13104K, committed 13312K, reserved 1048576K
}
Event: 22.386 GC heap before
{Heap before GC invocations=18 (full 0):
 garbage-first heap   total 393216K, used 315195K [0x0000000080000000, 0x0000000100000000)
  region size 1024K, 178 young (182272K), 8 survivors (8192K)
 Metaspace       used 104396K, capacity 106715K, committed 107136K, reserved 1142784K
  class space    used 12742K, capacity 13571K, committed 13696K, reserved 1048576K
}
Event: 22.395 GC heap after
{Heap after GC invocations=19 (full 0):
 garbage-first heap   total 393216K, used 130419K [0x0000000080000000, 0x0000000100000000)
  region size 1024K, 5 young (5120K), 5 survivors (5120K)
 Metaspace       used 104396K, capacity 106715K, committed 107136K, reserved 1142784K
  class space    used 12742K, capacity 13571K, committed 13696K, reserved 1048576K
}
Event: 23.552 GC heap before
{Heap before GC invocations=19 (full 0):
 garbage-first heap   total 393216K, used 318835K [0x0000000080000000, 0x0000000100000000)
  region size 1024K, 183 young (187392K), 5 survivors (5120K)
 Metaspace       used 107211K, capacity 109701K, committed 109824K, reserved 1144832K
  class space    used 13077K, capacity 13972K, committed 14080K, reserved 1048576K
}
Event: 23.570 GC heap after
{Heap after GC invocations=20 (full 0):
 garbage-first heap   total 393216K, used 154621K [0x0000000080000000, 0x0000000100000000)
  region size 1024K, 23 young (23552K), 23 survivors (23552K)
 Metaspace       used 107211K, capacity 109701K, committed 109824K, reserved 1144832K
  class space    used 13077K, capacity 13972K, committed 14080K, reserved 1048576K
}

