# JRE version: OpenJDK Runtime Environment (11.0.8+10) (build 11.0.8+10-b944.6842174)
# Java VM: OpenJDK 64-Bit Server VM (11.0.8+10-b944.6842174, mixed mode, tiered, compressed oops, g1 gc, windows-amd64)
Heap:
 garbage-first heap   total 393216K, used 149246K [0x0000000080000000, 0x0000000100000000)
  region size 1024K, 79 young (80896K), 29 survivors (29696K)
 Metaspace       used 95302K, capacity 97933K, committed 98176K, reserved 1134592K
  class space    used 12414K, capacity 13380K, committed 13440K, reserved 1048576K
GC Heap History (18 events):
Event: 0.539 GC heap before
{Heap before GC invocations=0 (full 0):
 garbage-first heap   total 393216K, used 29696K [0x0000000080000000, 0x0000000100000000)
  region size 1024K, 24 young (24576K), 0 survivors (0K)
 Metaspace       used 10214K, capacity 10491K, committed 10624K, reserved 1058816K
  class space    used 1068K, capacity 1141K, committed 1152K, reserved 1048576K
}
Event: 0.544 GC heap after
{Heap after GC invocations=1 (full 0):
 garbage-first heap   total 393216K, used 9385K [0x0000000080000000, 0x0000000100000000)
  region size 1024K, 3 young (3072K), 3 survivors (3072K)
 Metaspace       used 10214K, capacity 10491K, committed 10624K, reserved 1058816K
  class space    used 1068K, capacity 1141K, committed 1152K, reserved 1048576K
}
Event: 2.294 GC heap before
{Heap before GC invocations=1 (full 0):
 garbage-first heap   total 393216K, used 107689K [0x0000000080000000, 0x0000000100000000)
  region size 1024K, 100 young (102400K), 3 survivors (3072K)
 Metaspace       used 20620K, capacity 21088K, committed 21248K, reserved 1067008K
  class space    used 2530K, capacity 2701K, committed 2816K, reserved 1048576K
}
Event: 2.303 GC heap after
{Heap after GC invocations=2 (full 0):
 garbage-first heap   total 393216K, used 17298K [0x0000000080000000, 0x0000000100000000)
  region size 1024K, 11 young (11264K), 11 survivors (11264K)
 Metaspace       used 20620K, capacity 21088K, committed 21248K, reserved 1067008K
  class space    used 2530K, capacity 2701K, committed 2816K, reserved 1048576K
}
Event: 2.753 GC heap before
{Heap before GC invocations=3 (full 0):
 garbage-first heap   total 393216K, used 82834K [0x0000000080000000, 0x0000000100000000)
  region size 1024K, 75 young (76800K), 11 survivors (11264K)
 Metaspace       used 26630K, capacity 27250K, committed 27392K, reserved 1073152K
  class space    used 3515K, capacity 3741K, committed 3840K, reserved 1048576K
}
Event: 2.759 GC heap after
{Heap after GC invocations=4 (full 0):
 garbage-first heap   total 393216K, used 19941K [0x0000000080000000, 0x0000000100000000)
  region size 1024K, 3 young (3072K), 3 survivors (3072K)
 Metaspace       used 26630K, capacity 27250K, committed 27392K, reserved 1073152K
  class space    used 3515K, capacity 3741K, committed 3840K, reserved 1048576K
}
Event: 3.308 GC heap before
{Heap before GC invocations=4 (full 0):
 garbage-first heap   total 393216K, used 64997K [0x0000000080000000, 0x0000000100000000)
  region size 1024K, 49 young (50176K), 3 survivors (3072K)
 Metaspace       used 35057K, capacity 35760K, committed 35840K, reserved 1081344K
  class space    used 4542K, capacity 4813K, committed 4864K, reserved 1048576K
}
Event: 3.316 GC heap after
{Heap after GC invocations=5 (full 0):
 garbage-first heap   total 393216K, used 22986K [0x0000000080000000, 0x0000000100000000)
  region size 1024K, 6 young (6144K), 6 survivors (6144K)
 Metaspace       used 35057K, capacity 35760K, committed 35840K, reserved 1081344K
  class space    used 4542K, capacity 4813K, committed 4864K, reserved 1048576K
}
Event: 4.178 GC heap before
{Heap before GC invocations=6 (full 0):
 garbage-first heap   total 393216K, used 137674K [0x0000000080000000, 0x0000000100000000)
  region size 1024K, 115 young (117760K), 6 survivors (6144K)
 Metaspace       used 43698K, capacity 44670K, committed 44928K, reserved 1087488K
  class space    used 5585K, capacity 5915K, committed 6016K, reserved 1048576K
}
Event: 4.188 GC heap after
{Heap after GC invocations=7 (full 0):
 garbage-first heap   total 393216K, used 29890K [0x0000000080000000, 0x0000000100000000)
  region size 1024K, 13 young (13312K), 13 survivors (13312K)
 Metaspace       used 43698K, capacity 44670K, committed 44928K, reserved 1087488K
  class space    used 5585K, capacity 5915K, committed 6016K, reserved 1048576K
}
Event: 5.849 GC heap before
{Heap before GC invocations=7 (full 0):
 garbage-first heap   total 393216K, used 231618K [0x0000000080000000, 0x0000000100000000)
  region size 1024K, 205 young (209920K), 13 survivors (13312K)
 Metaspace       used 58460K, capacity 60030K, committed 60160K, reserved 1101824K
  class space    used 7482K, capacity 8038K, committed 8064K, reserved 1048576K
}
Event: 5.871 GC heap after
{Heap after GC invocations=8 (full 0):
 garbage-first heap   total 393216K, used 51951K [0x0000000080000000, 0x0000000100000000)
  region size 1024K, 27 young (27648K), 27 survivors (27648K)
 Metaspace       used 58460K, capacity 60030K, committed 60160K, reserved 1101824K
  class space    used 7482K, capacity 8038K, committed 8064K, reserved 1048576K
}
Event: 7.990 GC heap before
{Heap before GC invocations=9 (full 0):
 garbage-first heap   total 393216K, used 266991K [0x0000000080000000, 0x0000000100000000)
  region size 1024K, 230 young (235520K), 27 survivors (27648K)
 Metaspace       used 78208K, capacity 80119K, committed 80384K, reserved 1118208K
  class space    used 10157K, capacity 10899K, committed 11008K, reserved 1048576K
}
Event: 8.018 GC heap after
{Heap after GC invocations=10 (full 0):
 garbage-first heap   total 393216K, used 65557K [0x0000000080000000, 0x0000000100000000)
  region size 1024K, 29 young (29696K), 29 survivors (29696K)
 Metaspace       used 78208K, capacity 80119K, committed 80384K, reserved 1118208K
  class space    used 10157K, capacity 10899K, committed 11008K, reserved 1048576K
}
Event: 10.398 GC heap before
{Heap before GC invocations=10 (full 0):
 garbage-first heap   total 393216K, used 299029K [0x0000000080000000, 0x0000000100000000)
  region size 1024K, 230 young (235520K), 29 survivors (29696K)
 Metaspace       used 88981K, capacity 91446K, committed 91648K, reserved 1128448K
  class space    used 11581K, capacity 12497K, committed 12544K, reserved 1048576K
}
Event: 10.429 GC heap after
{Heap after GC invocations=11 (full 0):
 garbage-first heap   total 393216K, used 78540K [0x0000000080000000, 0x0000000100000000)
  region size 1024K, 27 young (27648K), 27 survivors (27648K)
 Metaspace       used 88981K, capacity 91446K, committed 91648K, reserved 1128448K
  class space    used 11581K, capacity 12497K, committed 12544K, reserved 1048576K
}
Event: 11.886 GC heap before
{Heap before GC invocations=11 (full 0):
 garbage-first heap   total 393216K, used 293580K [0x0000000080000000, 0x0000000100000000)
  region size 1024K, 231 young (236544K), 27 survivors (27648K)
 Metaspace       used 94478K, capacity 97040K, committed 97280K, reserved 1132544K
  class space    used 12287K, capacity 13251K, committed 13312K, reserved 1048576K
}
Event: 11.920 GC heap after
{Heap after GC invocations=12 (full 0):
 garbage-first heap   total 393216K, used 100094K [0x0000000080000000, 0x0000000100000000)
  region size 1024K, 29 young (29696K), 29 survivors (29696K)
 Metaspace       used 94478K, capacity 97040K, committed 97280K, reserved 1132544K
  class space    used 12287K, capacity 13251K, committed 13312K, reserved 1048576K
}

